

[2024-10-17T19:36:39.641480+05:30] app.log.CRITICAL: Error [2]: Undefined variable $con in E:\Users\pubup\One Drive\OneDrive\Desktop\software security\Assessment4\Dental Surgery Management System - Monday\PatientUI\create_appointment.php on line 30 [] []
[2024-10-17T19:37:04.346570+05:30] app.log.CRITICAL: Error [2]: Undefined variable $con in E:\Users\pubup\One Drive\OneDrive\Desktop\software security\Assessment4\Dental Surgery Management System - Monday\PatientUI\create_appointment.php on line 30 [] []
[2024-10-17T19:37:26.689158+05:30] app.log.CRITICAL: Error [2]: Undefined variable $con in E:\Users\pubup\One Drive\OneDrive\Desktop\software security\Assessment4\Dental Surgery Management System - Monday\PatientUI\create_appointment.php on line 30 [] []
[2024-10-17T19:38:06.263498+05:30] app.log.CRITICAL: Error [2]: Undefined variable $con in E:\Users\pubup\One Drive\OneDrive\Desktop\software security\Assessment4\Dental Surgery Management System - Monday\PatientUI\create_appointment.php on line 69 [] []
[2024-10-17T19:38:46.663979+05:30] app.log.CRITICAL: Error [2]: Undefined variable $con in E:\Users\pubup\One Drive\OneDrive\Desktop\software security\Assessment4\Dental Surgery Management System - Monday\PatientUI\create_appointment.php on line 69 [] []
[2024-10-17T19:38:47.421947+05:30] app.log.CRITICAL: Error [2]: Undefined variable $con in E:\Users\pubup\One Drive\OneDrive\Desktop\software security\Assessment4\Dental Surgery Management System - Monday\PatientUI\create_appointment.php on line 69 [] []
[2024-10-17T19:39:00.471289+05:30] app.log.CRITICAL: Error [2]: Undefined variable $con in E:\Users\pubup\One Drive\OneDrive\Desktop\software security\Assessment4\Dental Surgery Management System - Monday\PatientUI\create_appointment.php on line 69 [] []
[2024-10-17T19:39:50.803750+05:30] app.log.CRITICAL: Error [2]: Undefined variable $con in E:\Users\pubup\One Drive\OneDrive\Desktop\software security\Assessment4\Dental Surgery Management System - Monday\PatientUI\create_appointment.php on line 30 [] []
[2024-10-17T20:06:06.014585+05:30] app.log.CRITICAL: Error [2]: Undefined variable $con in E:\Users\pubup\One Drive\OneDrive\Desktop\software security\Assessment4\Dental Surgery Management System - Monday\PatientUI\create_appointment.php on line 70 [] []
[2024-10-17T20:07:35.224600+05:30] app.log.CRITICAL: Error [2]: Undefined variable $con in E:\Users\pubup\One Drive\OneDrive\Desktop\software security\Assessment4\Dental Surgery Management System - Monday\PatientUI\create_appointment.php on line 71 [] []
[2024-10-17T20:19:27.785257+05:30] app.log.CRITICAL: Error [2]: Undefined variable $patientid in E:\Users\pubup\One Drive\OneDrive\Desktop\software security\Assessment4\Dental Surgery Management System - Monday\PatientUI\delete_appointment.php on line 40 [] []
[2024-10-17T20:19:48.187690+05:30] app.log.CRITICAL: Error [2]: Undefined variable $patientid in E:\Users\pubup\One Drive\OneDrive\Desktop\software security\Assessment4\Dental Surgery Management System - Monday\PatientUI\delete_appointment.php on line 40 [] []
[2024-10-17T20:20:06.684392+05:30] app.log.CRITICAL: Error [2]: Undefined variable $patientid in E:\Users\pubup\One Drive\OneDrive\Desktop\software security\Assessment4\Dental Surgery Management System - Monday\PatientUI\delete_appointment.php on line 40 [] []
[2024-10-17T20:22:54.571267+05:30] app.log.CRITICAL: Error [2]: Undefined variable $patientid in E:\Users\pubup\One Drive\OneDrive\Desktop\software security\Assessment4\Dental Surgery Management System - Monday\PatientUI\delete_appointment.php on line 40 [] []
[2024-10-17T20:24:26.588979+05:30] app.log.CRITICAL: Error [2]: Undefined variable $patientid in E:\Users\pubup\One Drive\OneDrive\Desktop\software security\Assessment4\Dental Surgery Management System - Monday\PatientUI\delete_appointment.php on line 40 [] []
[2024-10-17T20:25:22.667521+05:30] app.log.CRITICAL: Error [2]: Undefined variable $patientid in E:\Users\pubup\One Drive\OneDrive\Desktop\software security\Assessment4\Dental Surgery Management System - Monday\PatientUI\delete_appointment.php on line 38 [] []
[2024-10-17T20:25:45.431325+05:30] app.log.CRITICAL: Error [2]: Undefined variable $patientid in E:\Users\pubup\One Drive\OneDrive\Desktop\software security\Assessment4\Dental Surgery Management System - Monday\PatientUI\delete_appointment.php on line 38 [] []
[2024-10-17T20:29:32.415448+05:30] app.log.CRITICAL: Error [2]: Undefined variable $patientid in E:\Users\pubup\One Drive\OneDrive\Desktop\software security\Assessment4\Dental Surgery Management System - Monday\PatientUI\delete_appointment.php on line 40 [] []
[2024-10-17T20:33:07.773485+05:30] app.log.CRITICAL: Error [2]: Undefined variable $patientid in E:\Users\pubup\One Drive\OneDrive\Desktop\software security\Assessment4\Dental Surgery Management System - Monday\PatientUI\delete_appointment.php on line 40 [] []
[2024-10-17T20:33:27.029270+05:30] app.log.CRITICAL: Error [2]: Undefined variable $patientid in E:\Users\pubup\One Drive\OneDrive\Desktop\software security\Assessment4\Dental Surgery Management System - Monday\PatientUI\delete_appointment.php on line 40 [] []
[2024-10-17T20:49:49.919345+05:30] app.log.CRITICAL: Error [2]: Undefined variable $con in E:\Users\pubup\One Drive\OneDrive\Desktop\software security\Assessment4\Dental Surgery Management System - Monday\PatientUI\fetch_queue_number.php on line 30 [] []
[2024-10-17T21:40:17.552420+05:30] app.log.CRITICAL: Error [2]: Undefined variable $decryptedID in E:\Users\pubup\One Drive\OneDrive\Desktop\software security\Assessment4\Dental Surgery Management System - Monday\PatientUI\delete_appointment.php on line 31 [] []
[2024-10-17T22:33:13.137623+05:30] app.log.CRITICAL: Error [2]: Undefined array key "password" in E:\Users\pubup\One Drive\OneDrive\Desktop\software security\Assessment4\Dental Surgery Management System - Monday\PatientUI\PUpdateProfile.php on line 32 [] []
[2024-10-17T22:33:34.464873+05:30] app.log.CRITICAL: Error [2]: Undefined array key "password" in E:\Users\pubup\One Drive\OneDrive\Desktop\software security\Assessment4\Dental Surgery Management System - Monday\PatientUI\PUpdateProfile.php on line 32 [] []
[2024-10-17T23:47:00.154198+05:30] app.log.CRITICAL: Error [2]: include(../user/patientAccessControl.php): Failed to open stream: No such file or directory in E:\Users\pubup\One Drive\OneDrive\Desktop\software security\Assessment4\Dental Surgery Management System - Monday\reports\medicalRecord.php on line 8 [] []
[2024-10-17T23:51:01.088365+05:30] app.log.CRITICAL: Error [8192]: Constant FILTER_SANITIZE_STRING is deprecated in E:\Users\pubup\One Drive\OneDrive\Desktop\software security\Assessment4\Dental Surgery Management System - Monday\reports\medicalRecord.php on line 29 [] []
[2024-10-18T01:04:47.229625+05:30] app.log.CRITICAL: Error [2]: Undefined variable $con in E:\Users\pubup\One Drive\OneDrive\Desktop\software security\Assessment4\Dental Surgery Management System - Monday\PatientUI\dashboard.php on line 112 [] []
[2024-10-18T01:05:13.865134+05:30] app.log.CRITICAL: Error [2]: Undefined variable $con in E:\Users\pubup\One Drive\OneDrive\Desktop\software security\Assessment4\Dental Surgery Management System - Monday\PatientUI\dashboard.php on line 112 [] []
[2024-10-18T04:02:11.110894+05:30] app.log.CRITICAL: Error [8192]: htmlspecialchars(): Passing null to parameter #1 ($string) of type string is deprecated in E:\Users\pubup\One Drive\OneDrive\Desktop\software security\Assessment4\Dental Surgery Management System - Monday\doctor\dashboard.php on line 106 [] []
[2024-10-18T04:02:57.758838+05:30] app.log.CRITICAL: Error [2]: Undefined variable $systemDate in E:\Users\pubup\One Drive\OneDrive\Desktop\software security\Assessment4\Dental Surgery Management System - Monday\doctor\dashboard.php on line 224 [] []
[2024-10-18T04:03:10.924552+05:30] app.log.CRITICAL: Error [2]: Undefined variable $systemDate in E:\Users\pubup\One Drive\OneDrive\Desktop\software security\Assessment4\Dental Surgery Management System - Monday\doctor\dashboard.php on line 224 [] []
[2024-10-18T04:03:57.526277+05:30] app.log.CRITICAL: Error [2]: Undefined variable $systemDate in E:\Users\pubup\One Drive\OneDrive\Desktop\software security\Assessment4\Dental Surgery Management System - Monday\doctor\dashboard.php on line 224 [] []
[2024-10-18T04:24:07.008341+05:30] app.log.CRITICAL: Error [2]: Undefined variable $systemDate in E:\Users\pubup\One Drive\OneDrive\Desktop\software security\Assessment4\Dental Surgery Management System - Monday\doctor\dashboard.php on line 224 [] []
[2024-10-18T04:26:12.985818+05:30] app.log.CRITICAL: Error [2]: Undefined variable $dynamicTime in E:\Users\pubup\One Drive\OneDrive\Desktop\software security\Assessment4\Dental Surgery Management System - Monday\doctor\dashboard.php on line 225 [] []
[2024-10-18T18:21:29.058545+05:30] app.log.CRITICAL: Error [2]: Undefined variable $allowed_origin in E:\Users\pubup\One Drive\OneDrive\Desktop\software security\Assessment4\Dental Surgery Management System - Monday\doctor\insert_record.php on line 40 [] []
[2024-10-18T19:29:36.316534+05:30] app.log.CRITICAL: Error [2]: Undefined variable $medicalrecordid in E:\Users\pubup\One Drive\OneDrive\Desktop\software security\Assessment4\Dental Surgery Management System - Monday\doctor\medicalRecord.php on line 49 [] []
[2024-10-19T06:03:24.465941+05:30] app.log.CRITICAL: Error [8]: session_start(): Ignoring session_start() because a session is already active in E:\Users\pubup\One Drive\OneDrive\Desktop\software security\Assessment4\Dental Surgery Management System - Monday\doctor\patientMedicalRecords.php on line 172 [] []
[2024-10-19T06:35:36.050456+05:30] app.log.CRITICAL: Error [2]: Undefined array key "patientid" in E:\Users\pubup\One Drive\OneDrive\Desktop\software security\Assessment4\Dental Surgery Management System - Monday\PatientUI\fetch_appointments.php on line 30 [] []
[2024-10-19T06:36:12.279294+05:30] app.log.CRITICAL: Error [2]: Undefined array key "patientid" in E:\Users\pubup\One Drive\OneDrive\Desktop\software security\Assessment4\Dental Surgery Management System - Monday\PatientUI\fetch_appointments.php on line 30 [] []
[2024-10-19T06:36:13.380444+05:30] app.log.CRITICAL: Error [2]: Undefined array key "patientid" in E:\Users\pubup\One Drive\OneDrive\Desktop\software security\Assessment4\Dental Surgery Management System - Monday\PatientUI\fetch_appointments.php on line 30 [] []
[2024-10-19T06:36:14.019638+05:30] app.log.CRITICAL: Error [2]: Undefined array key "patientid" in E:\Users\pubup\One Drive\OneDrive\Desktop\software security\Assessment4\Dental Surgery Management System - Monday\PatientUI\fetch_appointments.php on line 30 [] []
[2024-10-19T06:36:14.406860+05:30] app.log.CRITICAL: Error [2]: Undefined array key "patientid" in E:\Users\pubup\One Drive\OneDrive\Desktop\software security\Assessment4\Dental Surgery Management System - Monday\PatientUI\fetch_appointments.php on line 30 [] []
[2024-10-19T06:36:20.188068+05:30] app.log.CRITICAL: Error [2]: Undefined array key "patientid" in E:\Users\pubup\One Drive\OneDrive\Desktop\software security\Assessment4\Dental Surgery Management System - Monday\PatientUI\fetch_appointments.php on line 30 [] []
[2024-10-19T06:38:42.954247+05:30] app.log.CRITICAL: Error [2]: Undefined array key "patientid" in E:\Users\pubup\One Drive\OneDrive\Desktop\software security\Assessment4\Dental Surgery Management System - Monday\PatientUI\fetch_appointments.php on line 30 [] []
[2024-10-19T06:38:43.813533+05:30] app.log.CRITICAL: Error [2]: Undefined array key "patientid" in E:\Users\pubup\One Drive\OneDrive\Desktop\software security\Assessment4\Dental Surgery Management System - Monday\PatientUI\fetch_appointments.php on line 30 [] []
[2024-10-19T06:40:08.438177+05:30] app.log.CRITICAL: Error [2]: Undefined array key "patientid" in E:\Users\pubup\One Drive\OneDrive\Desktop\software security\Assessment4\Dental Surgery Management System - Monday\PatientUI\fetch_appointments.php on line 30 [] []
[2024-10-19T07:00:37.676267+05:30] app.log.CRITICAL: Error [2]: Undefined array key "firstname" in E:\Users\pubup\One Drive\OneDrive\Desktop\software security\Assessment4\Dental Surgery Management System - Monday\doctor\addMedicalRecord.php on line 58 [] []
[2024-10-19T07:20:17.400838+05:30] app.log.CRITICAL: Error [2]: Undefined array key "DB_HOST" in E:\Users\pubup\One Drive\OneDrive\Desktop\software security\Assessment4\Dental Surgery Management System - Monday\config\patientDBConnection.php on line 13 [] []
[2024-10-19T07:20:27.187548+05:30] app.log.CRITICAL: Error [2]: Undefined array key "DB_HOST" in E:\Users\pubup\One Drive\OneDrive\Desktop\software security\Assessment4\Dental Surgery Management System - Monday\config\patientDBConnection.php on line 13 [] []
