[2024-10-18T03:58:22.870833+05:30] doctor.log.ERROR: Failed to connect to database. [] []
[2024-10-18T03:59:10.874061+05:30] doctor.log.ERROR: Failed to connect to database. [] []
[2024-10-18T04:01:32.592312+05:30] doctor.log.ERROR: Failed to connect to database. [] []
[2024-10-18T04:01:33.838024+05:30] doctor.log.ERROR: Failed to connect to database. [] []
[2024-10-18T04:07:59.013856+05:30] doctor.log.ERROR: Failed to connect to database. [] []
[2024-10-18T04:08:47.394957+05:30] doctor.log.ERROR: Failed to connect to database. [] []
[2024-10-18T06:08:32.368166+05:30] doctor.log.ERROR: User not authorized. [] []
[2024-10-18T06:08:32.376308+05:30] doctor.log.ERROR: User not authorized. [] []
[2024-10-18T06:08:32.380823+05:30] doctor.log.ERROR: User not authorized. [] []
[2024-10-18T06:08:32.386227+05:30] doctor.log.ERROR: User not authorized. [] []
[2024-10-18T06:08:32.390545+05:30] doctor.log.ERROR: User not authorized. [] []
[2024-10-18T06:08:32.394936+05:30] doctor.log.ERROR: User not authorized. [] []
[2024-10-18T06:08:38.565201+05:30] doctor.log.ERROR: User not authorized. [] []
[2024-10-18T06:08:38.571126+05:30] doctor.log.ERROR: User not authorized. [] []
[2024-10-18T06:08:38.575797+05:30] doctor.log.ERROR: User not authorized. [] []
[2024-10-18T06:08:38.579546+05:30] doctor.log.ERROR: User not authorized. [] []
[2024-10-18T06:08:38.584157+05:30] doctor.log.ERROR: User not authorized. [] []
[2024-10-18T06:08:38.588501+05:30] doctor.log.ERROR: User not authorized. [] []
[2024-10-18T06:08:38.592204+05:30] doctor.log.ERROR: User not authorized. [] []
[2024-10-18T06:08:41.787666+05:30] doctor.log.ERROR: User not authorized. [] []
[2024-10-18T06:08:41.792758+05:30] doctor.log.ERROR: User not authorized. [] []
[2024-10-18T06:08:41.797260+05:30] doctor.log.ERROR: User not authorized. [] []
[2024-10-18T06:08:41.801518+05:30] doctor.log.ERROR: User not authorized. [] []
[2024-10-18T06:08:41.806133+05:30] doctor.log.ERROR: User not authorized. [] []
[2024-10-18T06:08:41.810428+05:30] doctor.log.ERROR: User not authorized. [] []
[2024-10-18T06:08:41.815355+05:30] doctor.log.ERROR: User not authorized. [] []
[2024-10-18T06:08:44.736426+05:30] doctor.log.ERROR: User not authorized. [] []
[2024-10-18T06:08:44.741231+05:30] doctor.log.ERROR: User not authorized. [] []
[2024-10-18T06:08:44.745998+05:30] doctor.log.ERROR: User not authorized. [] []
[2024-10-18T06:08:44.751429+05:30] doctor.log.ERROR: User not authorized. [] []
[2024-10-18T06:08:44.756523+05:30] doctor.log.ERROR: User not authorized. [] []
[2024-10-18T06:08:44.760242+05:30] doctor.log.ERROR: User not authorized. [] []
[2024-10-18T06:08:44.763779+05:30] doctor.log.ERROR: User not authorized. [] []
[2024-10-18T06:09:46.638867+05:30] doctor.log.ERROR: User not authorized. [] []
[2024-10-18T06:09:51.220445+05:30] doctor.log.ERROR: User not authorized. [] []
[2024-10-18T06:09:51.952574+05:30] doctor.log.ERROR: User not authorized. [] []
[2024-10-18T06:10:19.037058+05:30] doctor.log.ERROR: User not authorized. [] []
[2024-10-18T06:10:19.042020+05:30] doctor.log.ERROR: User not authorized. [] []
[2024-10-18T06:10:19.045571+05:30] doctor.log.ERROR: User not authorized. [] []
[2024-10-18T06:10:19.049362+05:30] doctor.log.ERROR: User not authorized. [] []
[2024-10-18T06:10:19.054242+05:30] doctor.log.ERROR: User not authorized. [] []
[2024-10-18T06:10:19.058909+05:30] doctor.log.ERROR: User not authorized. [] []
[2024-10-18T06:10:26.522111+05:30] doctor.log.ERROR: User not authorized. [] []
[2024-10-18T06:11:04.200321+05:30] doctor.log.ERROR: User not authorized. [] []
[2024-10-18T06:11:14.334779+05:30] doctor.log.ERROR: User not authorized. [] []
[2024-10-18T06:11:14.339724+05:30] doctor.log.ERROR: User not authorized. [] []
[2024-10-18T06:11:14.345403+05:30] doctor.log.ERROR: User not authorized. [] []
[2024-10-18T06:11:14.351167+05:30] doctor.log.ERROR: User not authorized. [] []
[2024-10-18T06:11:14.357940+05:30] doctor.log.ERROR: User not authorized. [] []
[2024-10-18T06:11:14.365151+05:30] doctor.log.ERROR: User not authorized. [] []
[2024-10-18T06:11:24.986230+05:30] doctor.log.ERROR: User not authorized. [] []
[2024-10-18T06:12:32.072262+05:30] doctor.log.ERROR: User not authorized. [] []
[2024-10-18T06:12:58.309458+05:30] doctor.log.ERROR: User not authorized. [] []
[2024-10-18T06:12:58.316890+05:30] doctor.log.ERROR: User not authorized. [] []
[2024-10-18T06:12:58.324468+05:30] doctor.log.ERROR: User not authorized. [] []
[2024-10-18T06:12:58.333288+05:30] doctor.log.ERROR: User not authorized. [] []
[2024-10-18T06:12:58.351021+05:30] doctor.log.ERROR: User not authorized. [] []
[2024-10-18T06:12:58.357530+05:30] doctor.log.ERROR: User not authorized. [] []
[2024-10-18T06:27:43.860345+05:30] doctor.log.ERROR: User not authorized. [] []
[2024-10-18T06:27:45.290105+05:30] doctor.log.ERROR: User not authorized. [] []
[2024-10-18T06:27:45.959522+05:30] doctor.log.ERROR: User not authorized. [] []
[2024-10-18T06:27:46.305585+05:30] doctor.log.ERROR: User not authorized. [] []
[2024-10-18T06:27:46.587759+05:30] doctor.log.ERROR: User not authorized. [] []
[2024-10-18T06:27:46.982061+05:30] doctor.log.ERROR: User not authorized. [] []
[2024-10-18T06:28:32.655299+05:30] doctor.log.ERROR: CSRF token not found [] []
[2024-10-18T06:28:32.664932+05:30] doctor.log.ERROR: CSRF token not found [] []
[2024-10-18T06:28:32.675616+05:30] doctor.log.ERROR: CSRF token not found [] []
[2024-10-18T06:28:32.690526+05:30] doctor.log.ERROR: CSRF token not found [] []
[2024-10-18T06:28:32.702818+05:30] doctor.log.ERROR: CSRF token not found [] []
[2024-10-18T06:28:32.732672+05:30] doctor.log.ERROR: CSRF token not found [] []
[2024-10-18T06:28:32.740595+05:30] doctor.log.ERROR: CSRF token not found [] []
[2024-10-18T06:29:20.845021+05:30] doctor.log.ERROR: CSRF token not found [] []
[2024-10-18T06:29:20.875877+05:30] doctor.log.ERROR: CSRF token not found [] []
[2024-10-18T06:29:20.907046+05:30] doctor.log.ERROR: CSRF token not found [] []
[2024-10-18T06:29:20.937066+05:30] doctor.log.ERROR: CSRF token not found [] []
[2024-10-18T06:29:21.002523+05:30] doctor.log.ERROR: CSRF token not found [] []
[2024-10-18T06:29:21.013981+05:30] doctor.log.ERROR: CSRF token not found [] []
[2024-10-18T06:29:21.045337+05:30] doctor.log.ERROR: CSRF token not found [] []
[2024-10-18T06:29:58.276291+05:30] doctor.log.ERROR: User not authorized. [] []
[2024-10-18T06:29:58.281285+05:30] doctor.log.ERROR: User not authorized. [] []
[2024-10-18T06:29:58.285899+05:30] doctor.log.ERROR: User not authorized. [] []
[2024-10-18T06:29:58.290001+05:30] doctor.log.ERROR: User not authorized. [] []
[2024-10-18T06:29:58.293337+05:30] doctor.log.ERROR: User not authorized. [] []
[2024-10-18T06:29:58.297942+05:30] doctor.log.ERROR: User not authorized. [] []
[2024-10-18T06:30:05.467903+05:30] doctor.log.ERROR: User not authorized. [] []
[2024-10-18T06:30:06.486601+05:30] doctor.log.ERROR: User not authorized. [] []
[2024-10-18T06:32:25.623216+05:30] doctor.log.ERROR: User not authorized. [] []
[2024-10-18T06:32:25.628134+05:30] doctor.log.ERROR: User not authorized. [] []
[2024-10-18T06:32:25.633311+05:30] doctor.log.ERROR: User not authorized. [] []
[2024-10-18T06:32:25.638417+05:30] doctor.log.ERROR: User not authorized. [] []
[2024-10-18T06:32:25.644242+05:30] doctor.log.ERROR: User not authorized. [] []
[2024-10-18T06:32:25.649714+05:30] doctor.log.ERROR: User not authorized. [] []
[2024-10-18T06:34:22.803882+05:30] doctor.log.ERROR: User not authorized. [] []
[2024-10-18T06:34:25.177997+05:30] doctor.log.ERROR: User not authorized. [] []
[2024-10-18T06:34:26.126702+05:30] doctor.log.ERROR: User not authorized. [] []
[2024-10-18T06:36:40.719654+05:30] doctor.log.ERROR: User not authorized. [] []
[2024-10-18T06:36:40.723213+05:30] doctor.log.ERROR: User not authorized. [] []
[2024-10-18T06:36:40.726960+05:30] doctor.log.ERROR: User not authorized. [] []
[2024-10-18T06:36:40.733248+05:30] doctor.log.ERROR: User not authorized. [] []
[2024-10-18T06:36:40.736798+05:30] doctor.log.ERROR: User not authorized. [] []
[2024-10-18T06:36:40.740476+05:30] doctor.log.ERROR: User not authorized. [] []
[2024-10-18T06:36:43.210934+05:30] doctor.log.ERROR: User not authorized. [] []
[2024-10-18T06:36:45.646474+05:30] doctor.log.ERROR: User not authorized. [] []
[2024-10-18T06:37:29.332854+05:30] doctor.log.ERROR: User not authorized. [] []
[2024-10-18T06:38:13.731412+05:30] doctor.log.ERROR: User session not found. [] []
[2024-10-18T06:38:14.638982+05:30] doctor.log.ERROR: User session not found. [] []
[2024-10-18T06:38:15.871292+05:30] doctor.log.ERROR: User session not found. [] []
[2024-10-18T06:38:21.000794+05:30] doctor.log.ERROR: User session not found. [] []
[2024-10-18T06:39:11.704019+05:30] doctor.log.ERROR: User not authorized. [] []
[2024-10-18T06:39:11.709434+05:30] doctor.log.ERROR: User not authorized. [] []
[2024-10-18T06:39:11.716555+05:30] doctor.log.ERROR: User not authorized. [] []
[2024-10-18T06:39:11.723121+05:30] doctor.log.ERROR: User not authorized. [] []
[2024-10-18T06:39:11.729236+05:30] doctor.log.ERROR: User not authorized. [] []
[2024-10-18T06:39:11.735398+05:30] doctor.log.ERROR: User not authorized. [] []
[2024-10-18T06:42:40.412118+05:30] doctor.log.ERROR: User not authorized. [] []
[2024-10-18T06:44:53.166660+05:30] doctor.log.ERROR: CSRF token not found [] []
[2024-10-18T06:44:53.209567+05:30] doctor.log.ERROR: CSRF token not found [] []
[2024-10-18T06:44:53.227788+05:30] doctor.log.ERROR: CSRF token not found [] []
[2024-10-18T06:44:53.239768+05:30] doctor.log.ERROR: CSRF token not found [] []
[2024-10-18T06:44:53.249754+05:30] doctor.log.ERROR: CSRF token not found [] []
[2024-10-18T06:44:53.263729+05:30] doctor.log.ERROR: CSRF token not found [] []
[2024-10-18T06:44:53.372515+05:30] doctor.log.ERROR: CSRF token not found [] []
[2024-10-18T06:44:59.603242+05:30] doctor.log.ERROR: CSRF token not found [] []
[2024-10-18T06:44:59.615864+05:30] doctor.log.ERROR: CSRF token not found [] []
[2024-10-18T06:44:59.627842+05:30] doctor.log.ERROR: CSRF token not found [] []
[2024-10-18T06:44:59.641949+05:30] doctor.log.ERROR: CSRF token not found [] []
[2024-10-18T06:44:59.652537+05:30] doctor.log.ERROR: CSRF token not found [] []
[2024-10-18T06:44:59.664651+05:30] doctor.log.ERROR: CSRF token not found [] []
[2024-10-18T06:44:59.679837+05:30] doctor.log.ERROR: CSRF token not found [] []
[2024-10-18T06:45:00.682445+05:30] doctor.log.ERROR: CSRF token not found [] []
[2024-10-18T06:45:00.697889+05:30] doctor.log.ERROR: CSRF token not found [] []
[2024-10-18T06:45:00.711649+05:30] doctor.log.ERROR: CSRF token not found [] []
[2024-10-18T06:45:00.724718+05:30] doctor.log.ERROR: CSRF token not found [] []
[2024-10-18T06:45:00.739038+05:30] doctor.log.ERROR: CSRF token not found [] []
[2024-10-18T06:45:00.751437+05:30] doctor.log.ERROR: CSRF token not found [] []
[2024-10-18T06:45:00.777877+05:30] doctor.log.ERROR: CSRF token not found [] []
[2024-10-18T06:45:01.609840+05:30] doctor.log.ERROR: CSRF token not found [] []
[2024-10-18T06:45:01.623707+05:30] doctor.log.ERROR: CSRF token not found [] []
[2024-10-18T06:45:01.637244+05:30] doctor.log.ERROR: CSRF token not found [] []
[2024-10-18T06:45:01.651714+05:30] doctor.log.ERROR: CSRF token not found [] []
[2024-10-18T06:45:01.665690+05:30] doctor.log.ERROR: CSRF token not found [] []
[2024-10-18T06:45:01.680351+05:30] doctor.log.ERROR: CSRF token not found [] []
[2024-10-18T06:45:01.711988+05:30] doctor.log.ERROR: CSRF token not found [] []
[2024-10-18T13:43:06.462174+05:30] doctor.log.ERROR: User not authorized. [] []
[2024-10-18T14:27:48.214276+05:30] doctor.log.ERROR: User not authorized. [] []
[2024-10-18T17:04:10.287270+05:30] doctor.log.ERROR: User not authorized. [] []
[2024-10-18T17:04:15.893051+05:30] doctor.log.ERROR: User not authorized. [] []
[2024-10-18T17:04:19.239885+05:30] doctor.log.ERROR: User not authorized. [] []
[2024-10-18T17:05:54.005839+05:30] doctor.log.ERROR: User not authorized. [] []
[2024-10-18T17:06:00.559433+05:30] doctor.log.ERROR: User not authorized. [] []
[2024-10-18T17:09:33.550206+05:30] doctor.log.ERROR: User not authorized. [] []
[2024-10-18T17:52:50.878697+05:30] doctor.log.ERROR: Invalid request method [] []
[2024-10-18T17:54:36.176794+05:30] doctor.log.ERROR: Invalid CSRF token [] []
[2024-10-18T17:54:59.850824+05:30] doctor.log.ERROR: Invalid CSRF token [] []
[2024-10-18T17:59:13.219021+05:30] doctor.log.ERROR: CSRF token not found [] []
[2024-10-18T18:00:40.609978+05:30] doctor.log.ERROR: CSRF token not found [] []
[2024-10-18T18:03:27.792084+05:30] doctor.log.ERROR: CSRF token not found [] []
[2024-10-18T18:03:27.802649+05:30] doctor.log.ERROR: CSRF token not found [] []
[2024-10-18T18:03:27.815056+05:30] doctor.log.ERROR: CSRF token not found [] []
[2024-10-18T18:03:27.826301+05:30] doctor.log.ERROR: CSRF token not found [] []
[2024-10-18T18:03:27.839020+05:30] doctor.log.ERROR: CSRF token not found [] []
[2024-10-18T18:03:27.854850+05:30] doctor.log.ERROR: CSRF token not found [] []
[2024-10-18T18:03:27.865939+05:30] doctor.log.ERROR: CSRF token not found [] []
[2024-10-18T19:23:10.551251+05:30] doctor.log.ERROR: Medical record not found [] []
[2024-10-18T19:25:38.199782+05:30] doctor.log.ERROR: Medical record not found [] []
