[2024-10-18T17:09:49.822554+05:30] guest.log.INFO: User U0001 logged in successfully. [] []
[2024-10-18T17:10:04.060176+05:30] guest.log.INFO: User U0002 logged in successfully. [] []
[2024-10-18T18:47:13.506947+05:30] guest.log.INFO: User U0001 logged in successfully. [] []
[2024-10-18T18:47:55.278098+05:30] guest.log.INFO: User U0002 logged in successfully. [] []
[2024-10-18T20:10:42.295452+05:30] guest.log.INFO: User U0001 logged in successfully. [] []
[2024-10-18T20:11:22.990554+05:30] guest.log.INFO: User U0002 logged in successfully. [] []
[2024-10-19T04:37:32.932024+05:30] guest.log.INFO: User U0013 registered successfully. [] []
[2024-10-19T04:38:03.395915+05:30] guest.log.WARNING: Failed login attempt for user U0011 [] []
[2024-10-19T05:07:11.281300+05:30] guest.log.INFO: User U0014 registered successfully. [] []
[2024-10-19T05:07:46.395243+05:30] guest.log.INFO: User U0014 logged in successfully. [] []
[2024-10-19T05:13:09.677530+05:30] guest.log.ERROR: CSRF token not found [] []
[2024-10-19T05:16:11.310029+05:30] guest.log.ERROR: CSRF token not found [] []
[2024-10-19T05:17:07.218048+05:30] guest.log.INFO: User U0015 registered successfully. [] []
[2024-10-19T05:17:33.859046+05:30] guest.log.INFO: User U0015 logged in successfully. [] []
[2024-10-19T05:26:12.462126+05:30] guest.log.INFO: User U0001 logged in successfully. [] []
[2024-10-19T05:32:14.390006+05:30] guest.log.INFO: User U0001 logged in successfully. [] []
[2024-10-19T05:32:49.206869+05:30] guest.log.INFO: User U0001 logged in successfully. [] []
[2024-10-19T05:34:32.112712+05:30] guest.log.INFO: User U0001 logged in successfully. [] []
[2024-10-19T05:35:52.053797+05:30] guest.log.INFO: User U0001 logged in successfully. [] []
[2024-10-19T05:36:07.115888+05:30] guest.log.INFO: User U0001 logged in successfully. [] []
[2024-10-19T05:37:53.811766+05:30] guest.log.INFO: User U0001 logged in successfully. [] []
[2024-10-19T05:39:15.044138+05:30] guest.log.INFO: User U0001 logged in successfully. [] []
[2024-10-19T05:39:42.497317+05:30] guest.log.INFO: User U0001 logged in successfully. [] []
[2024-10-19T05:48:36.857782+05:30] guest.log.INFO: User U0002 logged in successfully. [] []
[2024-10-19T05:49:34.983103+05:30] guest.log.INFO: User U0002 logged in successfully. [] []
[2024-10-19T05:51:04.382025+05:30] guest.log.INFO: User U0002 logged in successfully. [] []
[2024-10-19T05:56:27.095860+05:30] guest.log.INFO: User U0002 logged in successfully. [] []
[2024-10-19T06:10:45.722292+05:30] guest.log.INFO: User U0002 logged in successfully. [] []
[2024-10-19T06:18:33.059203+05:30] guest.log.INFO: User U0002 logged in successfully. [] []
[2024-10-19T06:20:19.681102+05:30] guest.log.INFO: User U0002 logged in successfully. [] []
[2024-10-19T06:22:13.361658+05:30] guest.log.INFO: User U0001 logged in successfully. [] []
[2024-10-19T06:23:13.930710+05:30] guest.log.INFO: User U0001 logged in successfully. [] []
[2024-10-19T06:31:03.137773+05:30] guest.log.WARNING: Failed login attempt for user U0001 [] []
[2024-10-19T06:33:26.701156+05:30] guest.log.WARNING: Failed login attempt for user U0001 [] []
[2024-10-19T06:33:59.865558+05:30] guest.log.ERROR: User account U0001 locked out due to too many failed attempts. [] []
[2024-10-19T06:35:10.600457+05:30] guest.log.INFO: User U0001 logged in successfully. [] []
[2024-10-19T06:50:49.791236+05:30] guest.log.INFO: User U0001 logged in successfully. [] []
[2024-10-19T06:55:40.342194+05:30] guest.log.INFO: User U0002 logged in successfully. [] []
[2024-10-19T07:00:18.266592+05:30] guest.log.INFO: User U0002 logged in successfully. [] []
[2024-10-19T07:00:59.809362+05:30] guest.log.INFO: User U0002 logged in successfully. [] []
[2024-10-19T07:02:11.514018+05:30] guest.log.INFO: User U0002 logged in successfully. [] []
[2024-10-19T07:20:17.379122+05:30] guest.log.INFO: User U0001 logged in successfully. [] []
[2024-10-19T07:21:52.154762+05:30] guest.log.INFO: User U0001 logged in successfully. [] []
[2024-10-19T07:29:28.791087+05:30] guest.log.INFO: User U0001 logged in successfully. [] []
[2024-10-19T07:34:48.464945+05:30] guest.log.INFO: User U0016 registered successfully. [] []
[2024-10-19T07:35:07.593652+05:30] guest.log.INFO: User U0016 logged in successfully. [] []
[2024-10-19T07:39:33.930298+05:30] guest.log.WARNING: Failed login attempt for user U0001 [] []
[2024-10-19T07:39:38.936022+05:30] guest.log.INFO: User U0001 logged in successfully. [] []
[2024-10-19T07:52:37.724017+05:30] guest.log.INFO: User U0017 registered successfully. [] []
[2024-10-19T07:52:51.067238+05:30] guest.log.INFO: User U0017 logged in successfully. [] []
[2024-10-19T07:53:55.302988+05:30] guest.log.INFO: User U0017 logged in successfully. [] []
[2024-10-19T08:01:46.633887+05:30] guest.log.INFO: User U0002 logged in successfully. [] []
[2024-10-19T08:13:15.071870+05:30] guest.log.WARNING: Failed login attempt for user U0001 [] []
[2024-10-19T08:13:20.130211+05:30] guest.log.INFO: User U0001 logged in successfully. [] []
[2024-10-19T08:22:23.933802+05:30] guest.log.INFO: User U0001 logged in successfully. [] []
[2024-10-19T08:26:10.261818+05:30] guest.log.INFO: User U0018 registered successfully. [] []
[2024-10-19T08:26:23.440017+05:30] guest.log.INFO: User U0018 logged in successfully. [] []
