[2024-10-17T13:32:22.206904+05:30] logout.log.INFO: User logged out successfully. [] []
[2024-10-17T13:50:39.934895+05:30] logout.log.INFO: User logged out successfully. [] []
[2024-10-17T13:54:00.986610+05:30] logout.log.INFO: User logged out successfully. [] []
[2024-10-17T14:01:11.802837+05:30] logout.log.INFO: User logged out successfully. [] []
[2024-10-17T22:35:52.002144+05:30] logout.log.INFO: User logged out successfully. [] []
[2024-10-18T00:21:41.247921+05:30] logout.log.INFO: User logged out successfully. [] []
[2024-10-18T00:49:54.303555+05:30] logout.log.INFO: User logged out successfully. [] []
[2024-10-18T00:53:45.279550+05:30] logout.log.INFO: User logged out successfully. [] []
[2024-10-18T00:59:21.610001+05:30] logout.log.ERROR: Error during logout: CSRF token not set in session. [] []
[2024-10-18T00:59:23.335469+05:30] logout.log.ERROR: Error during logout: CSRF token not set in session. [] []
[2024-10-18T00:59:24.439008+05:30] logout.log.ERROR: Error during logout: CSRF token not set in session. [] []
[2024-10-18T00:59:25.088290+05:30] logout.log.ERROR: Error during logout: CSRF token not set in session. [] []
[2024-10-18T00:59:25.503674+05:30] logout.log.ERROR: Error during logout: CSRF token not set in session. [] []
[2024-10-18T00:59:25.792511+05:30] logout.log.ERROR: Error during logout: CSRF token not set in session. [] []
[2024-10-18T00:59:26.024691+05:30] logout.log.ERROR: Error during logout: CSRF token not set in session. [] []
[2024-10-18T00:59:26.256592+05:30] logout.log.ERROR: Error during logout: CSRF token not set in session. [] []
[2024-10-18T00:59:32.927734+05:30] logout.log.ERROR: Error during logout: CSRF token not set in session. [] []
[2024-10-18T01:01:01.660606+05:30] logout.log.ERROR: Error during logout: CSRF token not set in session. [] []
[2024-10-18T01:01:04.031168+05:30] logout.log.ERROR: Error during logout: CSRF token not set in session. [] []
[2024-10-18T01:10:09.147590+05:30] logout.log.INFO: User logged out successfully. [] []
[2024-10-18T01:11:54.660607+05:30] logout.log.INFO: User logged out successfully. [] []
[2024-10-18T01:35:12.367901+05:30] logout.log.INFO: User logged out successfully. [] []
[2024-10-18T13:43:36.345385+05:30] logout.log.INFO: User logged out successfully. [] []
[2024-10-18T14:29:13.115283+05:30] logout.log.INFO: User logged out successfully. [] []
[2024-10-18T17:09:52.398346+05:30] logout.log.INFO: User logged out successfully. [] []
[2024-10-18T20:11:10.790313+05:30] logout.log.INFO: User logged out successfully. [] []
[2024-10-19T05:12:18.304687+05:30] logout.log.INFO: User logged out successfully. [] []
[2024-10-19T05:25:53.221500+05:30] logout.log.INFO: User logged out successfully. [] []
[2024-10-19T05:26:15.663283+05:30] logout.log.INFO: User logged out successfully. [] []
[2024-10-19T05:32:33.274364+05:30] logout.log.INFO: User logged out successfully. [] []
[2024-10-19T05:32:52.614724+05:30] logout.log.WARNING: CSRF token not received during logout attempt from IP: ::1 [] []
[2024-10-19T05:34:10.830901+05:30] logout.log.INFO: User logged out successfully. [] []
[2024-10-19T05:35:39.517912+05:30] logout.log.INFO: User logged out successfully. [] []
[2024-10-19T05:35:54.848270+05:30] logout.log.INFO: User logged out successfully. [] []
[2024-10-19T05:36:09.630653+05:30] logout.log.WARNING: CSRF token not received during logout attempt from IP: ::1 [] []
[2024-10-19T05:36:51.624628+05:30] logout.log.INFO: User logged out successfully. [] []
[2024-10-19T05:38:10.587729+05:30] logout.log.INFO: User logged out successfully. [] []
[2024-10-19T05:39:18.990873+05:30] logout.log.INFO: User logged out successfully. [] []
[2024-10-19T05:39:55.038949+05:30] logout.log.INFO: User logged out successfully. [] []
[2024-10-19T05:49:10.273131+05:30] logout.log.INFO: User logged out successfully. [] []
[2024-10-19T05:49:37.950527+05:30] logout.log.WARNING: Invalid CSRF token during logout attempt from IP: ::1 [] []
[2024-10-19T05:50:26.095426+05:30] logout.log.WARNING: Invalid CSRF token during logout attempt from IP: ::1 [] []
[2024-10-19T05:50:42.359125+05:30] logout.log.INFO: User logged out successfully. [] []
[2024-10-19T05:51:07.086869+05:30] logout.log.WARNING: Invalid CSRF token during logout attempt from IP: ::1 [] []
[2024-10-19T05:52:38.015259+05:30] logout.log.WARNING: Invalid CSRF token during logout attempt from IP: ::1 [] []
[2024-10-19T05:52:45.055376+05:30] logout.log.WARNING: Invalid CSRF token during logout attempt from IP: ::1 [] []
[2024-10-19T05:55:29.431491+05:30] logout.log.INFO: User logged out successfully. [] []
[2024-10-19T05:58:21.182240+05:30] logout.log.WARNING: Invalid CSRF token during logout attempt from IP: ::1 [] []
[2024-10-19T06:01:47.082021+05:30] logout.log.WARNING: Invalid CSRF token during logout attempt from IP: ::1 [] []
[2024-10-19T06:03:53.673113+05:30] logout.log.WARNING: Invalid CSRF token during logout attempt from IP: ::1 [] []
[2024-10-19T06:05:30.958085+05:30] logout.log.WARNING: Invalid CSRF token during logout attempt from IP: ::1 [] []
[2024-10-19T06:06:19.064384+05:30] logout.log.WARNING: Invalid CSRF token during logout attempt from IP: ::1 [] []
[2024-10-19T06:06:25.998125+05:30] logout.log.WARNING: Invalid CSRF token during logout attempt from IP: ::1 [] []
[2024-10-19T06:07:36.962329+05:30] logout.log.WARNING: Invalid CSRF token during logout attempt from IP: ::1 [] []
[2024-10-19T06:07:40.175976+05:30] logout.log.WARNING: Invalid CSRF token during logout attempt from IP: ::1 [] []
[2024-10-19T06:09:00.261593+05:30] logout.log.WARNING: Invalid CSRF token during logout attempt from IP: ::1 [] []
[2024-10-19T06:09:03.047007+05:30] logout.log.WARNING: Invalid CSRF token during logout attempt from IP: ::1 [] []
[2024-10-19T06:09:05.794993+05:30] logout.log.WARNING: Invalid CSRF token during logout attempt from IP: ::1 [] []
[2024-10-19T06:09:08.512210+05:30] logout.log.WARNING: Invalid CSRF token during logout attempt from IP: ::1 [] []
[2024-10-19T06:09:11.212372+05:30] logout.log.WARNING: Invalid CSRF token during logout attempt from IP: ::1 [] []
[2024-10-19T06:09:57.916061+05:30] logout.log.INFO: User logged out successfully. [] []
[2024-10-19T06:10:49.920506+05:30] logout.log.WARNING: Invalid CSRF token during logout attempt from IP: ::1 [] []
[2024-10-19T06:11:02.582258+05:30] logout.log.WARNING: Invalid CSRF token during logout attempt from IP: ::1 [] []
[2024-10-19T06:15:22.723128+05:30] logout.log.WARNING: Invalid CSRF token during logout attempt from IP: ::1 [] []
[2024-10-19T06:16:58.296457+05:30] logout.log.WARNING: Invalid CSRF token during logout attempt from IP: ::1 [] []
[2024-10-19T06:17:10.330161+05:30] logout.log.WARNING: Invalid CSRF token during logout attempt from IP: ::1 [] []
[2024-10-19T06:17:25.591578+05:30] logout.log.WARNING: Invalid CSRF token during logout attempt from IP: ::1 [] []
[2024-10-19T06:17:28.365921+05:30] logout.log.WARNING: Invalid CSRF token during logout attempt from IP: ::1 [] []
[2024-10-19T06:17:32.246919+05:30] logout.log.INFO: User logged out successfully. [] []
[2024-10-19T06:18:44.592957+05:30] logout.log.WARNING: Invalid CSRF token during logout attempt from IP: ::1 [] []
[2024-10-19T06:18:49.606273+05:30] logout.log.INFO: User logged out successfully. [] []
[2024-10-19T06:20:26.999579+05:30] logout.log.INFO: User logged out successfully. [] []
[2024-10-19T06:22:46.250637+05:30] logout.log.INFO: User logged out successfully. [] []
[2024-10-19T06:29:44.122806+05:30] logout.log.INFO: User logged out successfully. [] []
[2024-10-19T06:35:31.343256+05:30] logout.log.INFO: User logged out successfully. [] []
[2024-10-19T06:37:29.906989+05:30] logout.log.INFO: User logged out successfully. [] []
[2024-10-19T06:40:10.048122+05:30] logout.log.INFO: User logged out successfully. [] []
[2024-10-19T06:59:53.355482+05:30] logout.log.WARNING: CSRF token not set during logout attempt from IP: ::1 [] []
[2024-10-19T06:59:56.990552+05:30] logout.log.INFO: User logged out successfully. [] []
[2024-10-19T07:03:17.479338+05:30] logout.log.INFO: User logged out successfully. [] []
[2024-10-19T07:21:43.528933+05:30] logout.log.INFO: User logged out successfully. [] []
[2024-10-19T07:29:12.609944+05:30] logout.log.INFO: User logged out successfully. [] []
[2024-10-19T07:33:58.491506+05:30] logout.log.INFO: User logged out successfully. [] []
[2024-10-19T07:39:21.259070+05:30] logout.log.INFO: User logged out successfully. [] []
[2024-10-19T07:51:57.972607+05:30] logout.log.INFO: User logged out successfully. [] []
[2024-10-19T07:53:40.645257+05:30] logout.log.INFO: User logged out successfully. [] []
[2024-10-19T07:53:57.122248+05:30] logout.log.INFO: User logged out successfully. [] []
[2024-10-19T08:13:06.328638+05:30] logout.log.INFO: User logged out successfully. [] []
[2024-10-19T08:22:11.097605+05:30] logout.log.INFO: User logged out successfully. [] []
