[2024-10-17T18:51:54.095395+05:30] patient_dashboard.log.CRITICAL: Error [2]: Undefined variable $logger in E:\Users\pubup\One Drive\OneDrive\Desktop\software security\Assessment4\Dental Surgery Management System - Monday\PatientUI\dashboard.php on line 138 [] []
[2024-10-17T18:55:49.596301+05:30] patient_dashboard.log.CRITICAL: Error [2]: Undefined variable $logger in E:\Users\pubup\One Drive\OneDrive\Desktop\software security\Assessment4\Dental Surgery Management System - Monday\PatientUI\dashboard.php on line 100 [] []
[2024-10-17T18:59:46.712943+05:30] patient_dashboard.log.CRITICAL: Error occurred: Failed to connect to database. [] []
[2024-10-17T19:01:00.256664+05:30] patient_dashboard.log.CRITICAL: Error occurred: Failed to connect to database. [] []
[2024-10-17T19:01:01.067377+05:30] patient_dashboard.log.CRITICAL: Error occurred: Failed to connect to database. [] []
[2024-10-17T19:05:01.338021+05:30] patient_dashboard.log.CRITICAL: Error occurred: Failed to connect to database. [] []
[2024-10-17T19:06:27.389030+05:30] patient_dashboard.log.CRITICAL: Error occurred: Failed to connect to database. [] []
[2024-10-17T19:17:59.324790+05:30] patient_dashboard.log.CRITICAL: Error occurred: User not authorized. [] []
[2024-10-17T19:38:06.262938+05:30] patient_dashboard.log.ERROR: Error: Invalid request method {"code":405} []
[2024-10-17T19:38:46.663238+05:30] patient_dashboard.log.ERROR: Error: Invalid request method {"code":405} []
[2024-10-17T19:38:47.421620+05:30] patient_dashboard.log.ERROR: Error: Invalid request method {"code":405} []
[2024-10-17T19:39:00.470876+05:30] patient_dashboard.log.ERROR: Error: Invalid request method {"code":405} []
[2024-10-17T20:42:11.726824+05:30] patient_dashboard.log.INFO: Successfully fetched 1 appointments for patient ID: P0001 [] []
[2024-10-17T20:42:40.204352+05:30] patient_dashboard.log.INFO: Successfully fetched 4 appointments for patient ID: P0001 [] []
[2024-10-17T20:42:48.369991+05:30] patient_dashboard.log.INFO: Successfully fetched 4 appointments for patient ID: P0001 [] []
[2024-10-17T20:52:26.364705+05:30] patient_dashboard.log.INFO: Successfully fetched 5 appointments for patient ID: P0001 [] []
[2024-10-17T21:09:12.360959+05:30] patient_dashboard.log.INFO: Successfully fetched 5 appointments for patient ID: P0001 [] []
[2024-10-17T21:09:50.418297+05:30] patient_dashboard.log.ERROR: Error in E:\Users\pubup\One Drive\OneDrive\Desktop\software security\Assessment4\Dental Surgery Management System - Monday\PatientUI\Pappointments.php: User not authorized. {"code":0} []
[2024-10-17T21:10:01.659174+05:30] patient_dashboard.log.ERROR: Error in E:\Users\pubup\One Drive\OneDrive\Desktop\software security\Assessment4\Dental Surgery Management System - Monday\PatientUI\Pappointments.php: User not authorized. {"code":0} []
[2024-10-17T21:11:08.411757+05:30] patient_dashboard.log.ERROR: Error in E:\Users\pubup\One Drive\OneDrive\Desktop\software security\Assessment4\Dental Surgery Management System - Monday\PatientUI\fetch_appointments.php: User not authorized. {"code":0} []
[2024-10-17T21:11:48.312854+05:30] patient_dashboard.log.ERROR: Error in E:\Users\pubup\One Drive\OneDrive\Desktop\software security\Assessment4\Dental Surgery Management System - Monday\PatientUI\fetch_appointments.php: User not authorized. {"code":0} []
[2024-10-17T21:12:13.816768+05:30] patient_dashboard.log.ERROR: Error in E:\Users\pubup\One Drive\OneDrive\Desktop\software security\Assessment4\Dental Surgery Management System - Monday\PatientUI\Pappointments.php: User not authorized. {"code":0} []
[2024-10-17T21:18:44.686987+05:30] patient_dashboard.log.INFO: Successfully fetched 5 appointments for patient ID: P0001 [] []
[2024-10-17T21:18:51.826794+05:30] patient_dashboard.log.INFO: Successfully fetched 5 appointments for patient ID: P0001 [] []
[2024-10-17T21:28:42.399552+05:30] patient_dashboard.log.INFO: Successfully fetched 3 appointments for patient ID: P0001 [] []
[2024-10-17T21:40:36.813105+05:30] patient_dashboard.log.INFO: Successfully fetched 3 appointments for patient ID: P0001 [] []
[2024-10-17T21:41:27.081303+05:30] patient_dashboard.log.INFO: Successfully fetched 3 appointments for patient ID: P0001 [] []
[2024-10-17T21:42:48.001378+05:30] patient_dashboard.log.INFO: Successfully fetched 3 appointments for patient ID: P0001 [] []
[2024-10-17T21:43:47.649879+05:30] patient_dashboard.log.INFO: Successfully fetched 2 appointments for patient ID: P0001 [] []
[2024-10-17T21:43:51.183871+05:30] patient_dashboard.log.INFO: Successfully fetched 2 appointments for patient ID: P0001 [] []
[2024-10-17T21:44:06.987385+05:30] patient_dashboard.log.INFO: Successfully fetched 1 appointments for patient ID: P0001 [] []
[2024-10-17T21:52:15.328104+05:30] patient_dashboard.log.INFO: Successfully fetched 2 appointments for patient ID: P0001 [] []
[2024-10-17T22:07:58.404231+05:30] patient_dashboard.log.ERROR: Error in E:\Users\pubup\One Drive\OneDrive\Desktop\software security\Assessment4\Dental Surgery Management System - Monday\PatientUI\PUpdateProfile.php: UPDATE command denied to user 'patient_user'@'localhost' for table 'patient' {"code":1142} []
[2024-10-17T23:34:14.805684+05:30] patient_dashboard.log.INFO: Successfully fetched 2 appointments for patient ID: P0001 [] []
[2024-10-17T23:53:54.503223+05:30] patient_dashboard.log.INFO: Successfully fetched 2 appointments for patient ID: P0001 [] []
[2024-10-17T23:53:57.288410+05:30] patient_dashboard.log.INFO: Successfully fetched 2 appointments for patient ID: P0001 [] []
[2024-10-17T23:54:01.977055+05:30] patient_dashboard.log.INFO: Successfully fetched 2 appointments for patient ID: P0001 [] []
[2024-10-17T23:54:05.081393+05:30] patient_dashboard.log.INFO: Successfully fetched 2 appointments for patient ID: P0001 [] []
[2024-10-17T23:54:06.791215+05:30] patient_dashboard.log.INFO: Successfully fetched 2 appointments for patient ID: P0001 [] []
[2024-10-17T23:54:12.586152+05:30] patient_dashboard.log.INFO: Successfully fetched 2 appointments for patient ID: P0001 [] []
