[2024-10-18T18:47:21.906865+05:30] patient.log.INFO: Successfully created appointment ID: AP002 for patient ID: P0001 [] []
[2024-10-18T18:47:28.232616+05:30] patient.log.INFO: Successfully created appointment ID: AP003 for patient ID: P0001 [] []
[2024-10-18T18:47:33.865242+05:30] patient.log.INFO: Successfully created appointment ID: AP004 for patient ID: P0001 [] []
[2024-10-18T18:47:40.394017+05:30] patient.log.INFO: Successfully created appointment ID: AP005 for patient ID: P0001 [] []
[2024-10-18T18:47:42.544689+05:30] patient.log.INFO: Successfully fetched 5 appointments for patient ID: P0001 [] []
[2024-10-18T20:11:07.552580+05:30] patient.log.INFO: Successfully fetched 4 appointments for patient ID: P0001 [] []
[2024-10-19T05:36:08.524731+05:30] patient.log.INFO: Successfully fetched 4 appointments for patient ID: P0001 [] []
[2024-10-19T05:38:07.413261+05:30] patient.log.INFO: Successfully fetched 4 appointments for patient ID: P0001 [] []
[2024-10-19T05:39:45.779611+05:30] patient.log.INFO: Successfully fetched 4 appointments for patient ID: P0001 [] []
[2024-10-19T06:22:18.100754+05:30] patient.log.INFO: Successfully fetched 4 appointments for patient ID: P0001 [] []
[2024-10-19T06:23:39.869615+05:30] patient.log.INFO: Successfully fetched 4 appointments for patient ID: P0001 [] []
[2024-10-19T06:35:13.593076+05:30] patient.log.INFO: Successfully fetched 4 appointments for patient ID: P0001 [] []
[2024-10-19T06:35:19.368583+05:30] patient.log.INFO: Successfully fetched 4 appointments for patient ID: P0001 [] []
[2024-10-19T06:35:20.978892+05:30] patient.log.INFO: Successfully fetched 4 appointments for patient ID: P0001 [] []
[2024-10-19T06:35:25.102080+05:30] patient.log.INFO: Successfully fetched 4 appointments for patient ID: P0001 [] []
[2024-10-19T06:38:14.780928+05:30] patient.log.ERROR: Error in E:\Users\pubup\One Drive\OneDrive\Desktop\software security\Assessment4\Dental Surgery Management System - Monday\PatientUI\Pappointments.php: User not authorized. {"code":0} []
[2024-10-19T06:40:22.503501+05:30] patient.log.CRITICAL: Error occurred: User not authorized. [] []
[2024-10-19T06:40:56.992368+05:30] patient.log.ERROR: Error in E:\Users\pubup\One Drive\OneDrive\Desktop\software security\Assessment4\Dental Surgery Management System - Monday\PatientUI\PUpdateProfile.php: User not authorized. {"code":0} []
[2024-10-19T06:51:03.331971+05:30] patient.log.CRITICAL: Error occurred: User not authorized. [] []
[2024-10-19T06:51:19.597709+05:30] patient.log.CRITICAL: Error occurred: User not authorized. [] []
[2024-10-19T06:52:11.296084+05:30] patient.log.CRITICAL: Error occurred: User not authorized. [] []
[2024-10-19T06:52:53.833668+05:30] patient.log.INFO: Successfully fetched 4 appointments for patient ID: P0001 [] []
[2024-10-19T06:53:03.575999+05:30] patient.log.INFO: Successfully fetched 4 appointments for patient ID: P0001 [] []
[2024-10-19T06:53:08.339254+05:30] patient.log.ERROR: Error in E:\Users\pubup\One Drive\OneDrive\Desktop\software security\Assessment4\Dental Surgery Management System - Monday\PatientUI\Pappointments.php: User not authorized. {"code":0} []
[2024-10-19T06:53:29.192320+05:30] patient.log.ERROR: Error in E:\Users\pubup\One Drive\OneDrive\Desktop\software security\Assessment4\Dental Surgery Management System - Monday\PatientUI\Pappointments.php: User not authorized. {"code":403} []
[2024-10-19T06:53:41.512526+05:30] patient.log.ERROR: Error in E:\Users\pubup\One Drive\OneDrive\Desktop\software security\Assessment4\Dental Surgery Management System - Monday\PatientUI\PNewAppointment.php: User not authorized. {"code":0} []
[2024-10-19T06:54:27.302461+05:30] patient.log.ERROR: Error in E:\Users\pubup\One Drive\OneDrive\Desktop\software security\Assessment4\Dental Surgery Management System - Monday\PatientUI\PNewAppointment.php: User not authorized. {"code":403} []
[2024-10-19T06:54:30.580633+05:30] patient.log.ERROR: Error in E:\Users\pubup\One Drive\OneDrive\Desktop\software security\Assessment4\Dental Surgery Management System - Monday\PatientUI\MedicalRecords.php: User not authorized. {"code":0} []
[2024-10-19T06:54:53.218521+05:30] patient.log.ERROR: Error in E:\Users\pubup\One Drive\OneDrive\Desktop\software security\Assessment4\Dental Surgery Management System - Monday\PatientUI\MedicalRecords.php: User not authorized. {"code":403} []
[2024-10-19T06:55:03.140262+05:30] patient.log.ERROR: Error in E:\Users\pubup\One Drive\OneDrive\Desktop\software security\Assessment4\Dental Surgery Management System - Monday\PatientUI\PUpdateProfile.php: User not authorized. {"code":0} []
[2024-10-19T06:55:21.739038+05:30] patient.log.ERROR: Error in E:\Users\pubup\One Drive\OneDrive\Desktop\software security\Assessment4\Dental Surgery Management System - Monday\PatientUI\PUpdateProfile.php: User not authorized. {"code":403} []
[2024-10-19T06:56:22.251857+05:30] patient.log.ERROR: Error in E:\Users\pubup\One Drive\OneDrive\Desktop\software security\Assessment4\Dental Surgery Management System - Monday\PatientUI\PUpdateProfile.php: User not authorized. {"code":403} []
[2024-10-19T06:56:33.840013+05:30] patient.log.ERROR: Error in E:\Users\pubup\One Drive\OneDrive\Desktop\software security\Assessment4\Dental Surgery Management System - Monday\PatientUI\PUpdateProfile.php: User not authorized. {"code":403} []
[2024-10-19T06:56:50.212317+05:30] patient.log.ERROR: Error in E:\Users\pubup\One Drive\OneDrive\Desktop\software security\Assessment4\Dental Surgery Management System - Monday\PatientUI\MedicalRecords.php: User not authorized. {"code":403} []
[2024-10-19T06:56:59.554589+05:30] patient.log.ERROR: Error in E:\Users\pubup\One Drive\OneDrive\Desktop\software security\Assessment4\Dental Surgery Management System - Monday\PatientUI\PNewAppointment.php: User not authorized. {"code":403} []
[2024-10-19T06:57:03.595039+05:30] patient.log.INFO: Successfully fetched 4 appointments for patient ID: P0001 [] []
[2024-10-19T06:57:09.906299+05:30] patient.log.ERROR: Error in E:\Users\pubup\One Drive\OneDrive\Desktop\software security\Assessment4\Dental Surgery Management System - Monday\PatientUI\Pappointments.php: User not authorized. {"code":403} []
[2024-10-19T06:57:17.676280+05:30] patient.log.CRITICAL: Error occurred: User not authorized. [] []
[2024-10-19T07:01:08.181089+05:30] patient.log.CRITICAL: Error occurred: User not authorized. [] []
[2024-10-19T07:38:52.537807+05:30] patient.log.WARNING: No appointments found for patient ID: P0014 [] []
[2024-10-19T07:39:14.478215+05:30] patient.log.WARNING: No appointments found for patient ID: P0014 [] []
[2024-10-19T07:39:20.308447+05:30] patient.log.WARNING: No appointments found for patient ID: P0014 [] []
[2024-10-19T07:39:54.764057+05:30] patient.log.INFO: Successfully created appointment ID: AP003 for patient ID: P0001 [] []
[2024-10-19T07:39:57.445928+05:30] patient.log.INFO: Successfully fetched 3 appointments for patient ID: P0001 [] []
[2024-10-19T07:40:03.375957+05:30] patient.log.INFO: Successfully fetched 3 appointments for patient ID: P0001 [] []
[2024-10-19T07:40:05.146075+05:30] patient.log.INFO: Successfully fetched 3 appointments for patient ID: P0001 [] []
[2024-10-19T07:40:09.839363+05:30] patient.log.INFO: Successfully deleted appointment ID: AP003 for patient ID: P0001 [] []
[2024-10-19T07:40:11.341314+05:30] patient.log.INFO: Successfully fetched 2 appointments for patient ID: P0001 [] []
[2024-10-19T07:48:13.987199+05:30] patient.log.INFO: Successfully fetched 2 appointments for patient ID: P0001 [] []
[2024-10-19T07:51:52.711655+05:30] patient.log.INFO: Successfully fetched 2 appointments for patient ID: P0001 [] []
[2024-10-19T07:51:56.656093+05:30] patient.log.INFO: Successfully fetched 2 appointments for patient ID: P0001 [] []
[2024-10-19T07:53:02.388398+05:30] patient.log.INFO: Successfully created appointment ID: AP003 for patient ID: P0015 [] []
[2024-10-19T07:53:05.452457+05:30] patient.log.INFO: Successfully fetched 1 appointments for patient ID: P0015 [] []
[2024-10-19T07:53:08.626407+05:30] patient.log.INFO: Successfully deleted appointment ID: AP003 for patient ID: P0015 [] []
[2024-10-19T07:53:10.239860+05:30] patient.log.WARNING: No appointments found for patient ID: P0015 [] []
[2024-10-19T08:13:23.800626+05:30] patient.log.INFO: Successfully fetched 2 appointments for patient ID: P0001 [] []
